0 info it worked if it ends with ok
1 verbose cli [ 'node', '/usr/local/bin/npm', 'install', '-g', 'mocha' ]
2 info using npm@1.4.28
3 info using node@v0.10.33
4 verbose cache add [ 'mocha', null ]
5 verbose cache add name=undefined spec="mocha" args=["mocha",null]
6 verbose parsed url { protocol: null,
6 verbose parsed url   slashes: null,
6 verbose parsed url   auth: null,
6 verbose parsed url   host: null,
6 verbose parsed url   port: null,
6 verbose parsed url   hostname: null,
6 verbose parsed url   hash: null,
6 verbose parsed url   search: null,
6 verbose parsed url   query: null,
6 verbose parsed url   pathname: 'mocha',
6 verbose parsed url   path: 'mocha',
6 verbose parsed url   href: 'mocha' }
7 silly lockFile a619da43-mocha mocha
8 verbose lock mocha /Users/grudkowm/.npm/a619da43-mocha.lock
9 silly lockFile a619da43-mocha mocha
10 silly lockFile a619da43-mocha mocha
11 verbose addNamed [ 'mocha', '' ]
12 verbose addNamed [ null, '*' ]
13 silly lockFile b9899f31-mocha mocha@
14 verbose lock mocha@ /Users/grudkowm/.npm/b9899f31-mocha.lock
15 silly addNameRange { name: 'mocha', range: '*', hasData: false }
16 verbose request where is /mocha
17 verbose request registry https://registry.npmjs.org/
18 verbose request id aa5aca29f372ce75
19 verbose url raw /mocha
20 verbose url resolving [ 'https://registry.npmjs.org/', './mocha' ]
21 verbose url resolved https://registry.npmjs.org/mocha
22 verbose request where is https://registry.npmjs.org/mocha
23 info trying registry request attempt 1 at 15:22:23
24 http GET https://registry.npmjs.org/mocha
25 http 200 https://registry.npmjs.org/mocha
26 silly registry.get cb [ 200,
26 silly registry.get   { server: 'CouchDB/1.5.0 (Erlang OTP/R16B03)',
26 silly registry.get     etag: '"A0Q46NH1MK1R46ZFWOMCW3UW2"',
26 silly registry.get     'content-type': 'application/json',
26 silly registry.get     'cache-control': 'max-age=300',
26 silly registry.get     'content-length': '204455',
26 silly registry.get     'accept-ranges': 'bytes',
26 silly registry.get     date: 'Thu, 31 Dec 2015 23:14:24 GMT',
26 silly registry.get     via: '1.1 varnish',
26 silly registry.get     age: '0',
26 silly registry.get     connection: 'keep-alive',
26 silly registry.get     'x-served-by': 'cache-lax1428-LAX',
26 silly registry.get     'x-cache': 'HIT',
26 silly registry.get     'x-cache-hits': '1',
26 silly registry.get     'x-timer': 'S1451603663.765493,VS0,VE331',
26 silly registry.get     vary: 'Accept' } ]
27 silly addNameRange number 2 { name: 'mocha', range: '*', hasData: true }
28 silly addNameRange versions [ 'mocha',
28 silly addNameRange   [ '0.0.1-alpha1',
28 silly addNameRange     '0.0.1-alpha2',
28 silly addNameRange     '0.0.1-alpha3',
28 silly addNameRange     '0.0.1-alpha4',
28 silly addNameRange     '0.0.1-alpha5',
28 silly addNameRange     '0.0.1-alpha6',
28 silly addNameRange     '0.0.1',
28 silly addNameRange     '0.0.2',
28 silly addNameRange     '0.0.3',
28 silly addNameRange     '0.0.4',
28 silly addNameRange     '0.0.5',
28 silly addNameRange     '0.0.6',
28 silly addNameRange     '0.0.7',
28 silly addNameRange     '0.0.8',
28 silly addNameRange     '0.1.0',
28 silly addNameRange     '0.2.0',
28 silly addNameRange     '0.3.0',
28 silly addNameRange     '0.3.1',
28 silly addNameRange     '0.3.2',
28 silly addNameRange     '0.3.3',
28 silly addNameRange     '0.3.4',
28 silly addNameRange     '0.3.6',
28 silly addNameRange     '0.4.0',
28 silly addNameRange     '0.5.0',
28 silly addNameRange     '0.6.0',
28 silly addNameRange     '0.7.0',
28 silly addNameRange     '0.7.1',
28 silly addNameRange     '0.8.0',
28 silly addNameRange     '0.8.1',
28 silly addNameRange     '0.9.0',
28 silly addNameRange     '0.10.0',
28 silly addNameRange     '0.10.1',
28 silly addNameRange     '0.10.2',
28 silly addNameRange     '0.11.0',
28 silly addNameRange     '0.12.0',
28 silly addNameRange     '0.12.1',
28 silly addNameRange     '0.13.0',
28 silly addNameRange     '0.14.0',
28 silly addNameRange     '0.14.1',
28 silly addNameRange     '1.0.0',
28 silly addNameRange     '1.0.1',
28 silly addNameRange     '1.0.2',
28 silly addNameRange     '1.0.3',
28 silly addNameRange     '1.1.0',
28 silly addNameRange     '1.2.0',
28 silly addNameRange     '1.2.1',
28 silly addNameRange     '1.2.2',
28 silly addNameRange     '1.3.0',
28 silly addNameRange     '1.3.1',
28 silly addNameRange     '1.3.2',
28 silly addNameRange     '1.4.0',
28 silly addNameRange     '1.4.1',
28 silly addNameRange     '1.4.2',
28 silly addNameRange     '1.4.3',
28 silly addNameRange     '1.5.0',
28 silly addNameRange     '1.6.0',
28 silly addNameRange     '1.7.0',
28 silly addNameRange     '1.7.1',
28 silly addNameRange     '1.7.2',
28 silly addNameRange     '1.7.3',
28 silly addNameRange     '1.7.4',
28 silly addNameRange     '1.8.0',
28 silly addNameRange     '1.8.1',
28 silly addNameRange     '1.8.2',
28 silly addNameRange     '1.9.0',
28 silly addNameRange     '1.10.0',
28 silly addNameRange     '1.11.0',
28 silly addNameRange     '1.12.0',
28 silly addNameRange     '1.12.1',
28 silly addNameRange     '1.13.0',
28 silly addNameRange     '1.14.0',
28 silly addNameRange     '1.15.0',
28 silly addNameRange     '1.15.1',
28 silly addNameRange     '1.16.0',
28 silly addNameRange     '1.16.1',
28 silly addNameRange     '1.16.2',
28 silly addNameRange     '1.17.0',
28 silly addNameRange     '1.17.1',
28 silly addNameRange     '1.18.0',
28 silly addNameRange     '1.18.1',
28 silly addNameRange     '1.18.2',
28 silly addNameRange     '1.19.0',
28 silly addNameRange     '1.20.0',
28 silly addNameRange     '1.20.1',
28 silly addNameRange     '1.21.0',
28 silly addNameRange     '1.21.1',
28 silly addNameRange     '1.21.2',
28 silly addNameRange     '1.21.3',
28 silly addNameRange     '1.21.4',
28 silly addNameRange     '1.21.5',
28 silly addNameRange     '2.0.0',
28 silly addNameRange     '2.0.1',
28 silly addNameRange     '2.1.0',
28 silly addNameRange     '2.2.0',
28 silly addNameRange     '2.2.1',
28 silly addNameRange     '2.2.3',
28 silly addNameRange     '2.2.4',
28 silly addNameRange     '2.2.5',
28 silly addNameRange     '2.3.0',
28 silly addNameRange     '2.3.1',
28 silly addNameRange     '2.3.2',
28 silly addNameRange     '2.3.3',
28 silly addNameRange     '2.3.4' ] ]
29 verbose addNamed [ 'mocha', '2.3.4' ]
30 verbose addNamed [ '2.3.4', '2.3.4' ]
31 silly lockFile 2bb91c10-mocha-2-3-4 mocha@2.3.4
32 verbose lock mocha@2.3.4 /Users/grudkowm/.npm/2bb91c10-mocha-2-3-4.lock
33 silly lockFile c0a364a1--npmjs-org-mocha-mocha-2-3-4-tgz https://registry.npmjs.org/mocha/-/mocha-2.3.4.tgz
34 verbose lock https://registry.npmjs.org/mocha/-/mocha-2.3.4.tgz /Users/grudkowm/.npm/c0a364a1--npmjs-org-mocha-mocha-2-3-4-tgz.lock
35 verbose addRemoteTarball [ 'https://registry.npmjs.org/mocha/-/mocha-2.3.4.tgz',
35 verbose addRemoteTarball   '8629a6fb044f2d225aa4b81a2ae2d001699eb266' ]
36 info retry fetch attempt 1 at 15:22:24
37 verbose fetch to= /var/folders/gr/86ry4w5d5b33zdcrh40_938c0000gn/T/npm-19700-gUrBsxG9/registry.npmjs.org/mocha/-/mocha-2.3.4.tgz
38 http GET https://registry.npmjs.org/mocha/-/mocha-2.3.4.tgz
39 http 200 https://registry.npmjs.org/mocha/-/mocha-2.3.4.tgz
40 silly lockFile c0a364a1--npmjs-org-mocha-mocha-2-3-4-tgz https://registry.npmjs.org/mocha/-/mocha-2.3.4.tgz
41 silly lockFile c0a364a1--npmjs-org-mocha-mocha-2-3-4-tgz https://registry.npmjs.org/mocha/-/mocha-2.3.4.tgz
42 silly lockFile 2bb91c10-mocha-2-3-4 mocha@2.3.4
43 silly lockFile 2bb91c10-mocha-2-3-4 mocha@2.3.4
44 silly lockFile b9899f31-mocha mocha@
45 silly lockFile b9899f31-mocha mocha@
46 silly resolved [ { name: 'mocha',
46 silly resolved     version: '2.3.4',
46 silly resolved     description: 'simple, flexible, fun test framework',
46 silly resolved     keywords: [ 'mocha', 'test', 'bdd', 'tdd', 'tap' ],
46 silly resolved     author: { name: 'TJ Holowaychuk', email: 'tj@vision-media.ca' },
46 silly resolved     contributors:
46 silly resolved      [ [Object],
46 silly resolved        [Object],
46 silly resolved        [Object],
46 silly resolved        [Object],
46 silly resolved        [Object],
46 silly resolved        [Object],
46 silly resolved        [Object],
46 silly resolved        [Object],
46 silly resolved        [Object],
46 silly resolved        [Object],
46 silly resolved        [Object],
46 silly resolved        [Object],
46 silly resolved        [Object],
46 silly resolved        [Object],
46 silly resolved        [Object],
46 silly resolved        [Object],
46 silly resolved        [Object],
46 silly resolved        [Object],
46 silly resolved        [Object],
46 silly resolved        [Object],
46 silly resolved        [Object],
46 silly resolved        [Object],
46 silly resolved        [Object],
46 silly resolved        [Object],
46 silly resolved        [Object],
46 silly resolved        [Object],
46 silly resolved        [Object],
46 silly resolved        [Object],
46 silly resolved        [Object],
46 silly resolved        [Object],
46 silly resolved        [Object],
46 silly resolved        [Object],
46 silly resolved        [Object],
46 silly resolved        [Object],
46 silly resolved        [Object],
46 silly resolved        [Object],
46 silly resolved        [Object],
46 silly resolved        [Object],
46 silly resolved        [Object],
46 silly resolved        [Object],
46 silly resolved        [Object],
46 silly resolved        [Object],
46 silly resolved        [Object],
46 silly resolved        [Object],
46 silly resolved        [Object],
46 silly resolved        [Object],
46 silly resolved        [Object],
46 silly resolved        [Object],
46 silly resolved        [Object],
46 silly resolved        [Object],
46 silly resolved        [Object],
46 silly resolved        [Object],
46 silly resolved        [Object],
46 silly resolved        [Object],
46 silly resolved        [Object],
46 silly resolved        [Object],
46 silly resolved        [Object],
46 silly resolved        [Object],
46 silly resolved        [Object],
46 silly resolved        [Object],
46 silly resolved        [Object],
46 silly resolved        [Object],
46 silly resolved        [Object],
46 silly resolved        [Object],
46 silly resolved        [Object],
46 silly resolved        [Object],
46 silly resolved        [Object],
46 silly resolved        [Object],
46 silly resolved        [Object],
46 silly resolved        [Object],
46 silly resolved        [Object],
46 silly resolved        [Object],
46 silly resolved        [Object],
46 silly resolved        [Object],
46 silly resolved        [Object],
46 silly resolved        [Object],
46 silly resolved        [Object],
46 silly resolved        [Object],
46 silly resolved        [Object],
46 silly resolved        [Object],
46 silly resolved        [Object],
46 silly resolved        [Object],
46 silly resolved        [Object],
46 silly resolved        [Object],
46 silly resolved        [Object],
46 silly resolved        [Object],
46 silly resolved        [Object],
46 silly resolved        [Object],
46 silly resolved        [Object],
46 silly resolved        [Object],
46 silly resolved        [Object],
46 silly resolved        [Object],
46 silly resolved        [Object],
46 silly resolved        [Object],
46 silly resolved        [Object],
46 silly resolved        [Object],
46 silly resolved        [Object],
46 silly resolved        [Object],
46 silly resolved        [Object],
46 silly resolved        [Object],
46 silly resolved        [Object],
46 silly resolved        [Object],
46 silly resolved        [Object],
46 silly resolved        [Object],
46 silly resolved        [Object],
46 silly resolved        [Object],
46 silly resolved        [Object],
46 silly resolved        [Object],
46 silly resolved        [Object],
46 silly resolved        [Object],
46 silly resolved        [Object],
46 silly resolved        [Object],
46 silly resolved        [Object],
46 silly resolved        [Object],
46 silly resolved        [Object],
46 silly resolved        [Object],
46 silly resolved        [Object],
46 silly resolved        [Object],
46 silly resolved        [Object],
46 silly resolved        [Object],
46 silly resolved        [Object],
46 silly resolved        [Object],
46 silly resolved        [Object],
46 silly resolved        [Object],
46 silly resolved        [Object],
46 silly resolved        [Object],
46 silly resolved        [Object],
46 silly resolved        [Object],
46 silly resolved        [Object],
46 silly resolved        [Object],
46 silly resolved        [Object],
46 silly resolved        [Object],
46 silly resolved        [Object],
46 silly resolved        [Object],
46 silly resolved        [Object],
46 silly resolved        [Object],
46 silly resolved        [Object],
46 silly resolved        [Object],
46 silly resolved        [Object],
46 silly resolved        [Object],
46 silly resolved        [Object],
46 silly resolved        [Object],
46 silly resolved        [Object],
46 silly resolved        [Object],
46 silly resolved        [Object],
46 silly resolved        [Object],
46 silly resolved        [Object],
46 silly resolved        [Object],
46 silly resolved        [Object],
46 silly resolved        [Object],
46 silly resolved        [Object],
46 silly resolved        [Object],
46 silly resolved        [Object],
46 silly resolved        [Object],
46 silly resolved        [Object],
46 silly resolved        [Object],
46 silly resolved        [Object],
46 silly resolved        [Object],
46 silly resolved        [Object],
46 silly resolved        [Object],
46 silly resolved        [Object],
46 silly resolved        [Object],
46 silly resolved        [Object],
46 silly resolved        [Object],
46 silly resolved        [Object],
46 silly resolved        [Object],
46 silly resolved        [Object],
46 silly resolved        [Object],
46 silly resolved        [Object],
46 silly resolved        [Object],
46 silly resolved        [Object],
46 silly resolved        [Object],
46 silly resolved        [Object],
46 silly resolved        [Object],
46 silly resolved        [Object],
46 silly resolved        [Object],
46 silly resolved        [Object],
46 silly resolved        [Object],
46 silly resolved        [Object],
46 silly resolved        [Object],
46 silly resolved        [Object],
46 silly resolved        [Object],
46 silly resolved        [Object],
46 silly resolved        [Object],
46 silly resolved        [Object],
46 silly resolved        [Object],
46 silly resolved        [Object],
46 silly resolved        [Object],
46 silly resolved        [Object],
46 silly resolved        [Object],
46 silly resolved        [Object],
46 silly resolved        [Object],
46 silly resolved        [Object],
46 silly resolved        [Object],
46 silly resolved        [Object],
46 silly resolved        [Object],
46 silly resolved        [Object],
46 silly resolved        [Object],
46 silly resolved        [Object],
46 silly resolved        [Object],
46 silly resolved        [Object],
46 silly resolved        [Object],
46 silly resolved        [Object],
46 silly resolved        [Object],
46 silly resolved        [Object],
46 silly resolved        [Object],
46 silly resolved        [Object],
46 silly resolved        [Object],
46 silly resolved        [Object],
46 silly resolved        [Object],
46 silly resolved        [Object],
46 silly resolved        [Object],
46 silly resolved        [Object],
46 silly resolved        [Object],
46 silly resolved        [Object],
46 silly resolved        [Object],
46 silly resolved        [Object],
46 silly resolved        [Object],
46 silly resolved        [Object],
46 silly resolved        [Object],
46 silly resolved        [Object],
46 silly resolved        [Object],
46 silly resolved        [Object],
46 silly resolved        [Object],
46 silly resolved        [Object],
46 silly resolved        [Object],
46 silly resolved        [Object],
46 silly resolved        [Object],
46 silly resolved        [Object],
46 silly resolved        [Object],
46 silly resolved        [Object],
46 silly resolved        [Object],
46 silly resolved        [Object],
46 silly resolved        [Object],
46 silly resolved        [Object],
46 silly resolved        [Object],
46 silly resolved        [Object],
46 silly resolved        [Object],
46 silly resolved        [Object],
46 silly resolved        [Object] ],
46 silly resolved     license: 'MIT',
46 silly resolved     repository: { type: 'git', url: 'git://github.com/mochajs/mocha.git' },
46 silly resolved     maintainers: [ [Object], [Object], [Object], [Object] ],
46 silly resolved     main: './index',
46 silly resolved     bin: { mocha: './bin/mocha', _mocha: './bin/_mocha' },
46 silly resolved     engines: { node: '>= 0.8.x' },
46 silly resolved     scripts: { test: 'make test-all' },
46 silly resolved     dependencies:
46 silly resolved      { commander: '2.3.0',
46 silly resolved        debug: '2.2.0',
46 silly resolved        diff: '1.4.0',
46 silly resolved        'escape-string-regexp': '1.0.2',
46 silly resolved        glob: '3.2.3',
46 silly resolved        growl: '1.8.1',
46 silly resolved        jade: '0.26.3',
46 silly resolved        mkdirp: '0.5.0',
46 silly resolved        'supports-color': '1.2.0' },
46 silly resolved     devDependencies:
46 silly resolved      { 'browser-stdout': '^1.2.0',
46 silly resolved        browserify: '10.2.4',
46 silly resolved        'coffee-script': '~1.8.0',
46 silly resolved        eslint: '^1.2.1',
46 silly resolved        should: '~4.0.0',
46 silly resolved        through2: '~0.6.5' },
46 silly resolved     files:
46 silly resolved      [ 'bin',
46 silly resolved        'images',
46 silly resolved        'lib',
46 silly resolved        'index.js',
46 silly resolved        'mocha.css',
46 silly resolved        'mocha.js',
46 silly resolved        'LICENSE' ],
46 silly resolved     browser:
46 silly resolved      { debug: './lib/browser/debug.js',
46 silly resolved        events: './lib/browser/events.js',
46 silly resolved        tty: './lib/browser/tty.js' },
46 silly resolved     licenses: [ [Object] ],
46 silly resolved     gitHead: 'c1afbeccb3b4ad27b938649ae464ae1f631533cc',
46 silly resolved     bugs: { url: 'https://github.com/mochajs/mocha/issues' },
46 silly resolved     homepage: 'https://github.com/mochajs/mocha',
46 silly resolved     _id: 'mocha@2.3.4',
46 silly resolved     _shasum: '8629a6fb044f2d225aa4b81a2ae2d001699eb266',
46 silly resolved     _from: 'mocha@',
46 silly resolved     _npmVersion: '2.14.7',
46 silly resolved     _nodeVersion: '4.2.1',
46 silly resolved     _npmUser: { name: 'travisjeffery', email: 'tj@travisjeffery.com' },
46 silly resolved     dist:
46 silly resolved      { shasum: '8629a6fb044f2d225aa4b81a2ae2d001699eb266',
46 silly resolved        tarball: 'http://registry.npmjs.org/mocha/-/mocha-2.3.4.tgz' },
46 silly resolved     directories: {},
46 silly resolved     _resolved: 'https://registry.npmjs.org/mocha/-/mocha-2.3.4.tgz' } ]
47 info install mocha@2.3.4 into /usr/local/lib
48 info installOne mocha@2.3.4
49 verbose lib/node_modules/mocha unbuild
50 verbose tar unpack /Users/grudkowm/.npm/mocha/2.3.4/package.tgz
51 silly lockFile 746f3f6f-usr-local-lib-node-modules-mocha tar:///usr/local/lib/node_modules/mocha
52 verbose lock tar:///usr/local/lib/node_modules/mocha /Users/grudkowm/.npm/746f3f6f-usr-local-lib-node-modules-mocha.lock
53 silly lockFile 3d645745-kowm-npm-mocha-2-3-4-package-tgz tar:///Users/grudkowm/.npm/mocha/2.3.4/package.tgz
54 verbose lock tar:///Users/grudkowm/.npm/mocha/2.3.4/package.tgz /Users/grudkowm/.npm/3d645745-kowm-npm-mocha-2-3-4-package-tgz.lock
55 silly gunzTarPerm modes [ '755', '644' ]
56 error Error: EACCES, mkdir '/usr/local/lib/node_modules/mocha'
56 error  { [Error: EACCES, mkdir '/usr/local/lib/node_modules/mocha']
56 error   errno: 3,
56 error   code: 'EACCES',
56 error   path: '/usr/local/lib/node_modules/mocha',
56 error   fstream_type: 'Directory',
56 error   fstream_path: '/usr/local/lib/node_modules/mocha',
56 error   fstream_class: 'DirWriter',
56 error   fstream_stack:
56 error    [ '/usr/local/lib/node_modules/npm/node_modules/fstream/lib/dir-writer.js:36:23',
56 error      '/usr/local/lib/node_modules/npm/node_modules/mkdirp/index.js:46:53',
56 error      'Object.oncomplete (fs.js:107:15)' ] }
57 error Please try running this command again as root/Administrator.
58 error System Darwin 14.0.0
59 error command "node" "/usr/local/bin/npm" "install" "-g" "mocha"
60 error cwd /Users/grudkowm/Documents/repositories/nodejs-soup-server/genium_parser
61 error node -v v0.10.33
62 error npm -v 1.4.28
63 error path /usr/local/lib/node_modules/mocha
64 error fstream_path /usr/local/lib/node_modules/mocha
65 error fstream_type Directory
66 error fstream_class DirWriter
67 error code EACCES
68 error errno 3
69 error stack Error: EACCES, mkdir '/usr/local/lib/node_modules/mocha'
70 error fstream_stack /usr/local/lib/node_modules/npm/node_modules/fstream/lib/dir-writer.js:36:23
70 error fstream_stack /usr/local/lib/node_modules/npm/node_modules/mkdirp/index.js:46:53
70 error fstream_stack Object.oncomplete (fs.js:107:15)
71 verbose exit [ 3, true ]
